<?xml version="1.0" encoding="UTF-8"?>
<!-- Generated by org.testng.reporters.JUnitXMLReporter -->
<testsuite ignored="0" hostname="LAPTOP-QMTS6C4Q" failures="0" tests="21" name="Login and Cart Tests" time="141.141" errors="0" timestamp="2025-09-09T09:26:07 IST">
  <testcase classname="testcases.ProductsTest" name="testInvalidFilterOption" time="0.342"/>
  <testcase classname="testcases.ProductsTest" name="testProductDetailsVerification" time="0.058"/>
  <testcase classname="testcases.ProductsTest" name="testSidebarNavigation" time="18.736"/>
  <testcase classname="testcases.ProductsTest" name="testSortByNameAToZ" time="0.253"/>
  <testcase classname="testcases.ProductsTest" name="testSortByNameZToA" time="1.187"/>
  <testcase classname="testcases.ProductsTest" name="testSortByPriceHighLow" time="0.531"/>
  <testcase classname="testcases.ProductsTest" name="testSortByPriceLowHigh" time="0.351"/>
  <testcase classname="testcases.ProductsTest" name="testUIResponsiveness" time="1.179"/>
  <testcase classname="testcases.CartTest" name="testAddMultipleProductsToCart" time="1.08"/>
  <testcase classname="testcases.CartTest" name="testRemoveProductFromCart" time="1.792"/>
  <testcase classname="testcases.CartTest" name="testValidateCartSummary" time="3.012"/>
  <testcase classname="testcases.CartTest" name="testCartPersistenceAcrossSessions" time="7.032"/>
  <testcase classname="testcases.CartTest" name="testCheckoutWithEmptyCart" time="3.137"/>
  <testcase classname="testcases.CartTest" name="testInvalidSessionRedirection" time="0.841"/>
  <testcase classname="testcases.CheckoutTest" name="testCompleteCheckoutWithValidData" time="1.913"/>
  <testcase classname="testcases.CheckoutTest" name="testCompleteCheckoutWithValidDataRepeat" time="2.665"/>
  <testcase classname="testcases.CheckoutTest" name="testCheckoutWithEmptyFields" time="4.308"/>
  <testcase classname="testcases.CheckoutTest" name="testCheckoutWithInvalidPostalCode" time="3.589"/>
  <testcase classname="testcases.CheckoutTest" name="testCancelCheckoutSteps" time="2.575"/>
  <testcase classname="testcases.CheckoutTest" name="testOrderSummaryValidation" time="1.855"/>
  <testcase classname="testcases.CheckoutTest" name="testOrderConfirmationPageValidation" time="1.573"/>
</testsuite> <!-- Login and Cart Tests -->
